-- The C compiler identification is GNU 9.4.0
-- The CXX compiler identification is GNU 9.4.0
-- Check for working C compiler: /usr/bin/cc
-- Check for working C compiler: /usr/bin/cc -- works
-- Detecting C compiler ABI info
-- Detecting C compiler ABI info - done
-- Detecting C compile features
-- Detecting C compile features - done
-- Check for working CXX compiler: /usr/bin/c++
-- Check for working CXX compiler: /usr/bin/c++ -- works
-- Detecting CXX compiler ABI info
-- Detecting CXX compiler ABI info - done
-- Detecting CXX compile features
-- Detecting CXX compile features - done
-- Found ament_cmake: 0.9.9 (/opt/ros/foxy/share/ament_cmake/cmake)
-- Found PythonInterp: /usr/bin/python3 (found suitable version "3.8.10", minimum required is "3") 
-- Using PYTHON_EXECUTABLE: /usr/bin/python3
-- Found Boost: /usr/lib/x86_64-linux-gnu/cmake/Boost-1.71.0/BoostConfig.cmake (found version "1.71.0") found components: filesystem program_options system 
-- Found OpenCV: /usr (found version "4.2.0") 
-- Found required Ceres dependency: Eigen version 3.3.7 in /usr/include/eigen3
-- Found required Ceres dependency: glog
-- Found installed version of gflags: /usr/lib/x86_64-linux-gnu/cmake/gflags
-- Detected gflags version: 2.2.2
-- Found required Ceres dependency: gflags
-- Found Ceres version: 1.12.0 installed in: /usr/local with components: [LAPACK, SuiteSparse, SparseLinearAlgebraLibrary, SchurSpecializations, OpenMP]
-- Configuring done
-- Generating done
CMake Warning:
  Manually-specified variables were not used by the project:

    CATKIN_INSTALL_INTO_PREFIX_ROOT


-- Build files have been written to: /home/ubuntu/cyberbee/ros2_ws/src/VINS-mono/build/camera_model
[35m[1mScanning dependencies of target camera_model[0m
[35m[1mScanning dependencies of target Calibration[0m
[ 18%] [32mBuilding CXX object CMakeFiles/camera_model.dir/src/chessboard/Chessboard.cc.o[0m
[ 18%] [32mBuilding CXX object CMakeFiles/camera_model.dir/src/camera_models/CameraFactory.cc.o[0m
[ 18%] [32mBuilding CXX object CMakeFiles/camera_model.dir/src/camera_models/CostFunctionFactory.cc.o[0m
[ 18%] [32mBuilding CXX object CMakeFiles/camera_model.dir/src/calib/CameraCalibration.cc.o[0m
[ 22%] [32mBuilding CXX object CMakeFiles/camera_model.dir/src/camera_models/PinholeCamera.cc.o[0m
[ 18%] [32mBuilding CXX object CMakeFiles/camera_model.dir/src/camera_models/Camera.cc.o[0m
[ 25%] [32mBuilding CXX object CMakeFiles/camera_model.dir/src/camera_models/CataCamera.cc.o[0m
[ 29%] [32mBuilding CXX object CMakeFiles/Calibration.dir/src/chessboard/Chessboard.cc.o[0m
[ 37%] [32mBuilding CXX object CMakeFiles/camera_model.dir/src/sparse_graph/Transform.cc.o[0m
[ 37%] [32mBuilding CXX object CMakeFiles/camera_model.dir/src/gpl/EigenQuaternionParameterization.cc.o[0m
[ 44%] [32mBuilding CXX object CMakeFiles/camera_model.dir/src/gpl/gpl.cc.o[0m
[ 44%] [32mBuilding CXX object CMakeFiles/camera_model.dir/src/camera_models/ScaramuzzaCamera.cc.o[0m
[ 51%] [32mBuilding CXX object CMakeFiles/Calibration.dir/src/calib/CameraCalibration.cc.o[0m
[ 51%] [32mBuilding CXX object CMakeFiles/Calibration.dir/src/intrinsic_calib.cc.o[0m
[ 55%] [32mBuilding CXX object CMakeFiles/Calibration.dir/src/camera_models/Camera.cc.o[0m
[ 59%] [32mBuilding CXX object CMakeFiles/camera_model.dir/src/camera_models/EquidistantCamera.cc.o[0m
[01m[K/home/ubuntu/cyberbee/ros2_ws/src/VINS-mono/camera_model/src/camera_models/Camera.cc:1:10:[m[K [01;31m[Kfatal error: [m[Kcamodocal/camera_models/Camera.h: No such file or directory
    1 | #include [01;31m[K"camodocal/camera_models/Camera.h"[m[K
      |          [01;31m[K^~~~~~~~~~~~~~~~~~~~~~~~~~~~~~~~~~[m[K
compilation terminated.
[01m[K/home/ubuntu/cyberbee/ros2_ws/src/VINS-mono/camera_model/src/camera_models/ScaramuzzaCamera.cc:1:10:[m[K [01;31m[Kfatal error: [m[Kcamodocal/camera_models/ScaramuzzaCamera.h: No such file or directory
    1 | #include [01;31m[K"camodocal/camera_models/ScaramuzzaCamera.h"[m[K
      |          [01;31m[K^~~~~~~~~~~~~~~~~~~~~~~~~~~~~~~~~~~~~~~~~~~~[m[K
compilation terminated.
[01m[K/home/ubuntu/cyberbee/ros2_ws/src/VINS-mono/camera_model/src/chessboard/Chessboard.cc:1:10:[m[K [01;31m[Kfatal error: [m[Kcamodocal/chessboard/Chessboard.h: No such file or directory
    1 | #include [01;31m[K"camodocal/chessboard/Chessboard.h"[m[K
      |          [01;31m[K^~~~~~~~~~~~~~~~~~~~~~~~~~~~~~~~~~~[m[K
compilation terminated.
make[2]: *** [CMakeFiles/Calibration.dir/build.make:102: CMakeFiles/Calibration.dir/src/camera_models/Camera.cc.o] Error 1
[01m[K/home/ubuntu/cyberbee/ros2_ws/src/VINS-mono/camera_model/src/camera_models/CameraFactory.cc:1:10:[m[K [01;31m[Kfatal error: [m[Kcamodocal/camera_models/CameraFactory.h: No such file or directory
    1 | #include [01;31m[K"camodocal/camera_models/CameraFactory.h"[m[K
      |          [01;31m[K^~~~~~~~~~~~~~~~~~~~~~~~~~~~~~~~~~~~~~~~~[m[K
make[2]: *** Waiting for unfinished jobs....
compilation terminated.
[01m[K/home/ubuntu/cyberbee/ros2_ws/src/VINS-mono/camera_model/src/camera_models/CostFunctionFactory.cc:1:10:[m[K [01;31m[Kfatal error: [m[Kcamodocal/camera_models/CostFunctionFactory.h: No such file or directory
    1 | #include [01;31m[K"camodocal/camera_models/CostFunctionFactory.h"[m[K
      |          [01;31m[K^~~~~~~~~~~~~~~~~~~~~~~~~~~~~~~~~~~~~~~~~~~~~~~[m[K
compilation terminated.
[01m[K/home/ubuntu/cyberbee/ros2_ws/src/VINS-mono/camera_model/src/camera_models/Camera.cc:1:10:[m[K [01;31m[Kfatal error: [m[Kcamodocal/camera_models/Camera.h: No such file or directory
    1 | #include [01;31m[K"camodocal/camera_models/Camera.h"[m[K
      |          [01;31m[K^~~~~~~~~~~~~~~~~~~~~~~~~~~~~~~~~~[m[K
compilation terminated.
[01m[K/home/ubuntu/cyberbee/ros2_ws/src/VINS-mono/camera_model/src/camera_models/PinholeCamera.cc:1:10:[m[K [01;31m[Kfatal error: [m[Kcamodocal/camera_models/PinholeCamera.h: No such file or directory
    1 | #include [01;31m[K"camodocal/camera_models/PinholeCamera.h"[m[K
      |          [01;31m[K^~~~~~~~~~~~~~~~~~~~~~~~~~~~~~~~~~~~~~~~~[m[K
compilation terminated.
[01m[K/home/ubuntu/cyberbee/ros2_ws/src/VINS-mono/camera_model/src/calib/CameraCalibration.cc:1:10:[m[K [01;31m[Kfatal error: [m[Kcamodocal/calib/CameraCalibration.h: No such file or directory
    1 | #include [01;31m[K"camodocal/calib/CameraCalibration.h"[m[K
      |          [01;31m[K^~~~~~~~~~~~~~~~~~~~~~~~~~~~~~~~~~~~~[m[K
compilation terminated.
[01m[K/home/ubuntu/cyberbee/ros2_ws/src/VINS-mono/camera_model/src/sparse_graph/Transform.cc:1:10:[m[K [01;31m[Kfatal error: [m[Kcamodocal/sparse_graph/Transform.h: No such file or directory
    1 | #include [01;31m[K<camodocal/sparse_graph/Transform.h>[m[K
      |          [01;31m[K^~~~~~~~~~~~~~~~~~~~~~~~~~~~~~~~~~~~[m[K
compilation terminated.
[01m[K/home/ubuntu/cyberbee/ros2_ws/src/VINS-mono/camera_model/src/camera_models/CataCamera.cc:1:10:[m[K [01;31m[Kfatal error: [m[Kcamodocal/camera_models/CataCamera.h: No such file or directory
    1 | #include [01;31m[K"camodocal/camera_models/CataCamera.h"[m[K
      |          [01;31m[K^~~~~~~~~~~~~~~~~~~~~~~~~~~~~~~~~~~~~~[m[K
compilation terminated.
make[2]: *** [CMakeFiles/Calibration.dir/build.make:76: CMakeFiles/Calibration.dir/src/chessboard/Chessboard.cc.o] Error 1
make[2]: *** [CMakeFiles/camera_model.dir/build.make:89: CMakeFiles/camera_model.dir/src/camera_models/Camera.cc.o] Error 1
make[2]: *** Waiting for unfinished jobs....
make[2]: *** [CMakeFiles/camera_model.dir/build.make:102: CMakeFiles/camera_model.dir/src/camera_models/CameraFactory.cc.o] Error 1
make[2]: *** [CMakeFiles/camera_model.dir/build.make:115: CMakeFiles/camera_model.dir/src/camera_models/CostFunctionFactory.cc.o] Error 1
make[2]: *** [CMakeFiles/camera_model.dir/build.make:128: CMakeFiles/camera_model.dir/src/camera_models/PinholeCamera.cc.o] Error 1
make[2]: *** [CMakeFiles/camera_model.dir/build.make:167: CMakeFiles/camera_model.dir/src/camera_models/ScaramuzzaCamera.cc.o] Error 1
make[2]: *** [CMakeFiles/camera_model.dir/build.make:180: CMakeFiles/camera_model.dir/src/sparse_graph/Transform.cc.o] Error 1
make[2]: *** [CMakeFiles/camera_model.dir/build.make:76: CMakeFiles/camera_model.dir/src/calib/CameraCalibration.cc.o] Error 1
make[2]: *** [CMakeFiles/camera_model.dir/build.make:141: CMakeFiles/camera_model.dir/src/camera_models/CataCamera.cc.o] Error 1
[01m[K/home/ubuntu/cyberbee/ros2_ws/src/VINS-mono/camera_model/src/calib/CameraCalibration.cc:1:10:[m[K [01;31m[Kfatal error: [m[Kcamodocal/calib/CameraCalibration.h: No such file or directory
    1 | #include [01;31m[K"camodocal/calib/CameraCalibration.h"[m[K
      |          [01;31m[K^~~~~~~~~~~~~~~~~~~~~~~~~~~~~~~~~~~~~[m[K
compilation terminated.
make[2]: *** [CMakeFiles/Calibration.dir/build.make:89: CMakeFiles/Calibration.dir/src/calib/CameraCalibration.cc.o] Error 1
[01m[K/home/ubuntu/cyberbee/ros2_ws/src/VINS-mono/camera_model/src/gpl/gpl.cc:1:10:[m[K [01;31m[Kfatal error: [m[Kcamodocal/gpl/gpl.h: No such file or directory
    1 | #include [01;31m[K"camodocal/gpl/gpl.h"[m[K
      |          [01;31m[K^~~~~~~~~~~~~~~~~~~~~[m[K
compilation terminated.
make[2]: *** [CMakeFiles/camera_model.dir/build.make:193: CMakeFiles/camera_model.dir/src/gpl/gpl.cc.o] Error 1
[01m[K/home/ubuntu/cyberbee/ros2_ws/src/VINS-mono/camera_model/src/gpl/EigenQuaternionParameterization.cc:1:10:[m[K [01;31m[Kfatal error: [m[Kcamodocal/gpl/EigenQuaternionParameterization.h: No such file or directory
    1 | #include [01;31m[K"camodocal/gpl/EigenQuaternionParameterization.h"[m[K
      |          [01;31m[K^~~~~~~~~~~~~~~~~~~~~~~~~~~~~~~~~~~~~~~~~~~~~~~~~[m[K
compilation terminated.
make[2]: *** [CMakeFiles/camera_model.dir/build.make:206: CMakeFiles/camera_model.dir/src/gpl/EigenQuaternionParameterization.cc.o] Error 1
[01m[K/home/ubuntu/cyberbee/ros2_ws/src/VINS-mono/camera_model/src/camera_models/EquidistantCamera.cc:1:10:[m[K [01;31m[Kfatal error: [m[Kcamodocal/camera_models/EquidistantCamera.h: No such file or directory
    1 | #include [01;31m[K"camodocal/camera_models/EquidistantCamera.h"[m[K
      |          [01;31m[K^~~~~~~~~~~~~~~~~~~~~~~~~~~~~~~~~~~~~~~~~~~~~[m[K
compilation terminated.
make[2]: *** [CMakeFiles/camera_model.dir/build.make:154: CMakeFiles/camera_model.dir/src/camera_models/EquidistantCamera.cc.o] Error 1
[01m[K/home/ubuntu/cyberbee/ros2_ws/src/VINS-mono/camera_model/src/chessboard/Chessboard.cc:1:10:[m[K [01;31m[Kfatal error: [m[Kcamodocal/chessboard/Chessboard.h: No such file or directory
    1 | #include [01;31m[K"camodocal/chessboard/Chessboard.h"[m[K
      |          [01;31m[K^~~~~~~~~~~~~~~~~~~~~~~~~~~~~~~~~~~[m[K
compilation terminated.
make[2]: *** [CMakeFiles/camera_model.dir/build.make:63: CMakeFiles/camera_model.dir/src/chessboard/Chessboard.cc.o] Error 1
make[1]: *** [CMakeFiles/Makefile2:247: CMakeFiles/camera_model.dir/all] Error 2
make[1]: *** Waiting for unfinished jobs....
[01m[K/home/ubuntu/cyberbee/ros2_ws/src/VINS-mono/camera_model/src/intrinsic_calib.cc:11:10:[m[K [01;31m[Kfatal error: [m[Kcamodocal/chessboard/Chessboard.h: No such file or directory
   11 | #include [01;31m[K"camodocal/chessboard/Chessboard.h"[m[K
      |          [01;31m[K^~~~~~~~~~~~~~~~~~~~~~~~~~~~~~~~~~~[m[K
compilation terminated.
make[2]: *** [CMakeFiles/Calibration.dir/build.make:63: CMakeFiles/Calibration.dir/src/intrinsic_calib.cc.o] Error 1
make[1]: *** [CMakeFiles/Makefile2:301: CMakeFiles/Calibration.dir/all] Error 2
make: *** [Makefile:141: all] Error 2
