-- The C compiler identification is GNU 9.4.0
-- The CXX compiler identification is GNU 9.4.0
-- Check for working C compiler: /usr/bin/cc
-- Check for working C compiler: /usr/bin/cc -- works
-- Detecting C compiler ABI info
-- Detecting C compiler ABI info - done
-- Detecting C compile features
-- Detecting C compile features - done
-- Check for working CXX compiler: /usr/bin/c++
-- Check for working CXX compiler: /usr/bin/c++ -- works
-- Detecting CXX compiler ABI info
-- Detecting CXX compiler ABI info - done
-- Detecting CXX compile features
-- Detecting CXX compile features - done
-- Found ament_cmake: 0.9.9 (/opt/ros/foxy/share/ament_cmake/cmake)
-- Found PythonInterp: /usr/bin/python3 (found suitable version "3.8.10", minimum required is "3") 
-- Using PYTHON_EXECUTABLE: /usr/bin/python3
-- Found Boost: /usr/lib/x86_64-linux-gnu/cmake/Boost-1.71.0/BoostConfig.cmake (found version "1.71.0") found components: filesystem program_options system 
-- Found OpenCV: /usr (found version "4.2.0") 
-- Found required Ceres dependency: Eigen version 3.3.7 in /usr/include/eigen3
-- Found required Ceres dependency: glog
-- Found installed version of gflags: /usr/lib/x86_64-linux-gnu/cmake/gflags
-- Detected gflags version: 2.2.2
-- Found required Ceres dependency: gflags
-- Found Ceres version: 1.12.0 installed in: /usr/local with components: [LAPACK, SuiteSparse, SparseLinearAlgebraLibrary, SchurSpecializations, OpenMP]
-- Configuring done
-- Generating done
-- Build files have been written to: /home/ubuntu/cyberbee/ros2_ws/src/VINS-mono/build/camera_model
[35m[1mScanning dependencies of target camera_model[0m
[35m[1mScanning dependencies of target Calibration[0m
[ 18%] [32mBuilding CXX object CMakeFiles/camera_model.dir/src/chessboard/Chessboard.cc.o[0m
[ 18%] [32mBuilding CXX object CMakeFiles/camera_model.dir/src/camera_models/CameraFactory.cc.o[0m
[ 18%] [32mBuilding CXX object CMakeFiles/camera_model.dir/src/camera_models/CostFunctionFactory.cc.o[0m
[ 18%] [32mBuilding CXX object CMakeFiles/camera_model.dir/src/calib/CameraCalibration.cc.o[0m
[ 22%] [32mBuilding CXX object CMakeFiles/camera_model.dir/src/camera_models/PinholeCamera.cc.o[0m
[ 18%] [32mBuilding CXX object CMakeFiles/camera_model.dir/src/camera_models/Camera.cc.o[0m
[ 25%] [32mBuilding CXX object CMakeFiles/camera_model.dir/src/camera_models/CataCamera.cc.o[0m
[ 29%] [32mBuilding CXX object CMakeFiles/Calibration.dir/src/chessboard/Chessboard.cc.o[0m
[ 37%] [32mBuilding CXX object CMakeFiles/camera_model.dir/src/sparse_graph/Transform.cc.o[0m
[ 37%] [32mBuilding CXX object CMakeFiles/camera_model.dir/src/gpl/EigenQuaternionParameterization.cc.o[0m
[ 44%] [32mBuilding CXX object CMakeFiles/camera_model.dir/src/gpl/gpl.cc.o[0m
[ 44%] [32mBuilding CXX object CMakeFiles/camera_model.dir/src/camera_models/ScaramuzzaCamera.cc.o[0m
[ 51%] [32mBuilding CXX object CMakeFiles/Calibration.dir/src/calib/CameraCalibration.cc.o[0m
[ 51%] [32mBuilding CXX object CMakeFiles/Calibration.dir/src/intrinsic_calib.cc.o[0m
[ 55%] [32mBuilding CXX object CMakeFiles/Calibration.dir/src/camera_models/Camera.cc.o[0m
[ 59%] [32mBuilding CXX object CMakeFiles/camera_model.dir/src/camera_models/EquidistantCamera.cc.o[0m
