[0.009s] Invoking command in '/home/ubuntu/cyberbee/ros2_ws/src/VINS-mono/build/camera_model': /usr/bin/cmake /home/ubuntu/cyberbee/ros2_ws/src/VINS-mono/camera_model -DCATKIN_INSTALL_INTO_PREFIX_ROOT=0 -DCMAKE_INSTALL_PREFIX=/home/ubuntu/cyberbee/ros2_ws/src/VINS-mono/install/camera_model
[0.046s] -- The C compiler identification is GNU 9.4.0
[0.079s] -- The CXX compiler identification is GNU 9.4.0
[0.083s] -- Check for working C compiler: /usr/bin/cc
[0.127s] -- Check for working C compiler: /usr/bin/cc -- works
[0.128s] -- Detecting C compiler ABI info
[0.170s] -- Detecting C compiler ABI info - done
[0.177s] -- Detecting C compile features
[0.177s] -- Detecting C compile features - done
[0.178s] -- Check for working CXX compiler: /usr/bin/c++
[0.229s] -- Check for working CXX compiler: /usr/bin/c++ -- works
[0.230s] -- Detecting CXX compiler ABI info
[0.279s] -- Detecting CXX compiler ABI info - done
[0.286s] -- Detecting CXX compile features
[0.287s] -- Detecting CXX compile features - done
[0.289s] -- Found ament_cmake: 0.9.9 (/opt/ros/foxy/share/ament_cmake/cmake)
[0.309s] -- Found PythonInterp: /usr/bin/python3 (found suitable version "3.8.10", minimum required is "3") 
[0.309s] -- Using PYTHON_EXECUTABLE: /usr/bin/python3
[0.490s] -- Found Boost: /usr/lib/x86_64-linux-gnu/cmake/Boost-1.71.0/BoostConfig.cmake (found version "1.71.0") found components: filesystem program_options system 
[0.498s] -- Found OpenCV: /usr (found version "4.2.0") 
[0.501s] -- Found required Ceres dependency: Eigen version 3.3.7 in /usr/include/eigen3
[0.508s] -- Found required Ceres dependency: glog
[0.510s] -- Found installed version of gflags: /usr/lib/x86_64-linux-gnu/cmake/gflags
[0.510s] -- Detected gflags version: 2.2.2
[0.511s] -- Found required Ceres dependency: gflags
[0.512s] -- Found Ceres version: 1.12.0 installed in: /usr/local with components: [LAPACK, SuiteSparse, SparseLinearAlgebraLibrary, SchurSpecializations, OpenMP]
[0.552s] -- Configuring done
[0.566s] -- Generating done
[0.567s] CMake Warning:
[0.567s]   Manually-specified variables were not used by the project:
[0.567s] 
[0.568s]     CATKIN_INSTALL_INTO_PREFIX_ROOT
[0.568s] 
[0.568s] 
[0.568s] -- Build files have been written to: /home/ubuntu/cyberbee/ros2_ws/src/VINS-mono/build/camera_model
[0.571s] Invoked command in '/home/ubuntu/cyberbee/ros2_ws/src/VINS-mono/build/camera_model' returned '0': /usr/bin/cmake /home/ubuntu/cyberbee/ros2_ws/src/VINS-mono/camera_model -DCATKIN_INSTALL_INTO_PREFIX_ROOT=0 -DCMAKE_INSTALL_PREFIX=/home/ubuntu/cyberbee/ros2_ws/src/VINS-mono/install/camera_model
[0.573s] Invoking command in '/home/ubuntu/cyberbee/ros2_ws/src/VINS-mono/build/camera_model': /usr/bin/cmake --build /home/ubuntu/cyberbee/ros2_ws/src/VINS-mono/build/camera_model -- -j16 -l16
[0.611s] [35m[1mScanning dependencies of target camera_model[0m
[0.612s] [35m[1mScanning dependencies of target Calibration[0m
[0.645s] [ 18%] [32mBuilding CXX object CMakeFiles/camera_model.dir/src/chessboard/Chessboard.cc.o[0m
[0.645s] [ 18%] [32mBuilding CXX object CMakeFiles/camera_model.dir/src/camera_models/CameraFactory.cc.o[0m
[0.645s] [ 18%] [32mBuilding CXX object CMakeFiles/camera_model.dir/src/camera_models/CostFunctionFactory.cc.o[0m
[0.645s] [ 18%] [32mBuilding CXX object CMakeFiles/camera_model.dir/src/calib/CameraCalibration.cc.o[0m
[0.645s] [ 22%] [32mBuilding CXX object CMakeFiles/camera_model.dir/src/camera_models/PinholeCamera.cc.o[0m
[0.645s] [ 18%] [32mBuilding CXX object CMakeFiles/camera_model.dir/src/camera_models/Camera.cc.o[0m
[0.645s] [ 25%] [32mBuilding CXX object CMakeFiles/camera_model.dir/src/camera_models/CataCamera.cc.o[0m
[0.645s] [ 29%] [32mBuilding CXX object CMakeFiles/Calibration.dir/src/chessboard/Chessboard.cc.o[0m
[0.645s] [ 37%] [32mBuilding CXX object CMakeFiles/camera_model.dir/src/sparse_graph/Transform.cc.o[0m
[0.645s] [ 37%] [32mBuilding CXX object CMakeFiles/camera_model.dir/src/gpl/EigenQuaternionParameterization.cc.o[0m
[0.646s] [ 44%] [32mBuilding CXX object CMakeFiles/camera_model.dir/src/gpl/gpl.cc.o[0m
[0.646s] [ 44%] [32mBuilding CXX object CMakeFiles/camera_model.dir/src/camera_models/ScaramuzzaCamera.cc.o[0m
[0.646s] [ 51%] [32mBuilding CXX object CMakeFiles/Calibration.dir/src/calib/CameraCalibration.cc.o[0m
[0.646s] [ 51%] [32mBuilding CXX object CMakeFiles/Calibration.dir/src/intrinsic_calib.cc.o[0m
[0.646s] [ 55%] [32mBuilding CXX object CMakeFiles/Calibration.dir/src/camera_models/Camera.cc.o[0m
[0.649s] [ 59%] [32mBuilding CXX object CMakeFiles/camera_model.dir/src/camera_models/EquidistantCamera.cc.o[0m
[0.652s] [01m[K/home/ubuntu/cyberbee/ros2_ws/src/VINS-mono/camera_model/src/camera_models/Camera.cc:1:10:[m[K [01;31m[Kfatal error: [m[Kcamodocal/camera_models/Camera.h: No such file or directory
[0.652s]     1 | #include [01;31m[K"camodocal/camera_models/Camera.h"[m[K
[0.652s]       |          [01;31m[K^~~~~~~~~~~~~~~~~~~~~~~~~~~~~~~~~~[m[K
[0.652s] compilation terminated.
[0.652s] [01m[K/home/ubuntu/cyberbee/ros2_ws/src/VINS-mono/camera_model/src/camera_models/ScaramuzzaCamera.cc:1:10:[m[K [01;31m[Kfatal error: [m[Kcamodocal/camera_models/ScaramuzzaCamera.h: No such file or directory
[0.652s]     1 | #include [01;31m[K"camodocal/camera_models/ScaramuzzaCamera.h"[m[K
[0.652s]       |          [01;31m[K^~~~~~~~~~~~~~~~~~~~~~~~~~~~~~~~~~~~~~~~~~~~[m[K
[0.652s] compilation terminated.
[0.652s] [01m[K/home/ubuntu/cyberbee/ros2_ws/src/VINS-mono/camera_model/src/chessboard/Chessboard.cc:1:10:[m[K [01;31m[Kfatal error: [m[Kcamodocal/chessboard/Chessboard.h: No such file or directory
[0.653s]     1 | #include [01;31m[K"camodocal/chessboard/Chessboard.h"[m[K
[0.653s]       |          [01;31m[K^~~~~~~~~~~~~~~~~~~~~~~~~~~~~~~~~~~[m[K
[0.653s] compilation terminated.
[0.653s] make[2]: *** [CMakeFiles/Calibration.dir/build.make:102: CMakeFiles/Calibration.dir/src/camera_models/Camera.cc.o] Error 1
[0.653s] [01m[K/home/ubuntu/cyberbee/ros2_ws/src/VINS-mono/camera_model/src/camera_models/CameraFactory.cc:1:10:[m[K [01;31m[Kfatal error: [m[Kcamodocal/camera_models/CameraFactory.h: No such file or directory
[0.653s]     1 | #include [01;31m[K"camodocal/camera_models/CameraFactory.h"[m[K
[0.653s]       |          [01;31m[K^~~~~~~~~~~~~~~~~~~~~~~~~~~~~~~~~~~~~~~~~[m[K
[0.653s] make[2]: *** Waiting for unfinished jobs....
[0.653s] compilation terminated.
[0.653s] [01m[K/home/ubuntu/cyberbee/ros2_ws/src/VINS-mono/camera_model/src/camera_models/CostFunctionFactory.cc:1:10:[m[K [01;31m[Kfatal error: [m[Kcamodocal/camera_models/CostFunctionFactory.h: No such file or directory
[0.653s]     1 | #include [01;31m[K"camodocal/camera_models/CostFunctionFactory.h"[m[K
[0.653s]       |          [01;31m[K^~~~~~~~~~~~~~~~~~~~~~~~~~~~~~~~~~~~~~~~~~~~~~~[m[K
[0.653s] compilation terminated.
[0.653s] [01m[K/home/ubuntu/cyberbee/ros2_ws/src/VINS-mono/camera_model/src/camera_models/Camera.cc:1:10:[m[K [01;31m[Kfatal error: [m[Kcamodocal/camera_models/Camera.h: No such file or directory
[0.653s]     1 | #include [01;31m[K"camodocal/camera_models/Camera.h"[m[K
[0.653s]       |          [01;31m[K^~~~~~~~~~~~~~~~~~~~~~~~~~~~~~~~~~[m[K
[0.654s] compilation terminated.
[0.654s] [01m[K/home/ubuntu/cyberbee/ros2_ws/src/VINS-mono/camera_model/src/camera_models/PinholeCamera.cc:1:10:[m[K [01;31m[Kfatal error: [m[Kcamodocal/camera_models/PinholeCamera.h: No such file or directory
[0.654s]     1 | #include [01;31m[K"camodocal/camera_models/PinholeCamera.h"[m[K
[0.654s]       |          [01;31m[K^~~~~~~~~~~~~~~~~~~~~~~~~~~~~~~~~~~~~~~~~[m[K
[0.654s] compilation terminated.
[0.654s] [01m[K/home/ubuntu/cyberbee/ros2_ws/src/VINS-mono/camera_model/src/calib/CameraCalibration.cc:1:10:[m[K [01;31m[Kfatal error: [m[Kcamodocal/calib/CameraCalibration.h: No such file or directory
[0.654s]     1 | #include [01;31m[K"camodocal/calib/CameraCalibration.h"[m[K
[0.654s]       |          [01;31m[K^~~~~~~~~~~~~~~~~~~~~~~~~~~~~~~~~~~~~[m[K
[0.654s] compilation terminated.
[0.654s] [01m[K/home/ubuntu/cyberbee/ros2_ws/src/VINS-mono/camera_model/src/sparse_graph/Transform.cc:1:10:[m[K [01;31m[Kfatal error: [m[Kcamodocal/sparse_graph/Transform.h: No such file or directory
[0.654s]     1 | #include [01;31m[K<camodocal/sparse_graph/Transform.h>[m[K
[0.654s]       |          [01;31m[K^~~~~~~~~~~~~~~~~~~~~~~~~~~~~~~~~~~~[m[K
[0.654s] compilation terminated.
[0.654s] [01m[K/home/ubuntu/cyberbee/ros2_ws/src/VINS-mono/camera_model/src/camera_models/CataCamera.cc:1:10:[m[K [01;31m[Kfatal error: [m[Kcamodocal/camera_models/CataCamera.h: No such file or directory
[0.654s]     1 | #include [01;31m[K"camodocal/camera_models/CataCamera.h"[m[K
[0.654s]       |          [01;31m[K^~~~~~~~~~~~~~~~~~~~~~~~~~~~~~~~~~~~~~[m[K
[0.654s] compilation terminated.
[0.654s] make[2]: *** [CMakeFiles/Calibration.dir/build.make:76: CMakeFiles/Calibration.dir/src/chessboard/Chessboard.cc.o] Error 1
[0.654s] make[2]: *** [CMakeFiles/camera_model.dir/build.make:89: CMakeFiles/camera_model.dir/src/camera_models/Camera.cc.o] Error 1
[0.654s] make[2]: *** Waiting for unfinished jobs....
[0.654s] make[2]: *** [CMakeFiles/camera_model.dir/build.make:102: CMakeFiles/camera_model.dir/src/camera_models/CameraFactory.cc.o] Error 1
[0.654s] make[2]: *** [CMakeFiles/camera_model.dir/build.make:115: CMakeFiles/camera_model.dir/src/camera_models/CostFunctionFactory.cc.o] Error 1
[0.654s] make[2]: *** [CMakeFiles/camera_model.dir/build.make:128: CMakeFiles/camera_model.dir/src/camera_models/PinholeCamera.cc.o] Error 1
[0.655s] make[2]: *** [CMakeFiles/camera_model.dir/build.make:167: CMakeFiles/camera_model.dir/src/camera_models/ScaramuzzaCamera.cc.o] Error 1
[0.655s] make[2]: *** [CMakeFiles/camera_model.dir/build.make:180: CMakeFiles/camera_model.dir/src/sparse_graph/Transform.cc.o] Error 1
[0.655s] make[2]: *** [CMakeFiles/camera_model.dir/build.make:76: CMakeFiles/camera_model.dir/src/calib/CameraCalibration.cc.o] Error 1
[0.655s] make[2]: *** [CMakeFiles/camera_model.dir/build.make:141: CMakeFiles/camera_model.dir/src/camera_models/CataCamera.cc.o] Error 1
[0.655s] [01m[K/home/ubuntu/cyberbee/ros2_ws/src/VINS-mono/camera_model/src/calib/CameraCalibration.cc:1:10:[m[K [01;31m[Kfatal error: [m[Kcamodocal/calib/CameraCalibration.h: No such file or directory
[0.655s]     1 | #include [01;31m[K"camodocal/calib/CameraCalibration.h"[m[K
[0.655s]       |          [01;31m[K^~~~~~~~~~~~~~~~~~~~~~~~~~~~~~~~~~~~~[m[K
[0.655s] compilation terminated.
[0.655s] make[2]: *** [CMakeFiles/Calibration.dir/build.make:89: CMakeFiles/Calibration.dir/src/calib/CameraCalibration.cc.o] Error 1
[0.655s] [01m[K/home/ubuntu/cyberbee/ros2_ws/src/VINS-mono/camera_model/src/gpl/gpl.cc:1:10:[m[K [01;31m[Kfatal error: [m[Kcamodocal/gpl/gpl.h: No such file or directory
[0.655s]     1 | #include [01;31m[K"camodocal/gpl/gpl.h"[m[K
[0.655s]       |          [01;31m[K^~~~~~~~~~~~~~~~~~~~~[m[K
[0.655s] compilation terminated.
[0.655s] make[2]: *** [CMakeFiles/camera_model.dir/build.make:193: CMakeFiles/camera_model.dir/src/gpl/gpl.cc.o] Error 1
[0.657s] [01m[K/home/ubuntu/cyberbee/ros2_ws/src/VINS-mono/camera_model/src/gpl/EigenQuaternionParameterization.cc:1:10:[m[K [01;31m[Kfatal error: [m[Kcamodocal/gpl/EigenQuaternionParameterization.h: No such file or directory
[0.657s]     1 | #include [01;31m[K"camodocal/gpl/EigenQuaternionParameterization.h"[m[K
[0.657s]       |          [01;31m[K^~~~~~~~~~~~~~~~~~~~~~~~~~~~~~~~~~~~~~~~~~~~~~~~~[m[K
[0.657s] compilation terminated.
[0.657s] make[2]: *** [CMakeFiles/camera_model.dir/build.make:206: CMakeFiles/camera_model.dir/src/gpl/EigenQuaternionParameterization.cc.o] Error 1
[0.657s] [01m[K/home/ubuntu/cyberbee/ros2_ws/src/VINS-mono/camera_model/src/camera_models/EquidistantCamera.cc:1:10:[m[K [01;31m[Kfatal error: [m[Kcamodocal/camera_models/EquidistantCamera.h: No such file or directory
[0.657s]     1 | #include [01;31m[K"camodocal/camera_models/EquidistantCamera.h"[m[K
[0.657s]       |          [01;31m[K^~~~~~~~~~~~~~~~~~~~~~~~~~~~~~~~~~~~~~~~~~~~~[m[K
[0.657s] compilation terminated.
[0.658s] make[2]: *** [CMakeFiles/camera_model.dir/build.make:154: CMakeFiles/camera_model.dir/src/camera_models/EquidistantCamera.cc.o] Error 1
[0.658s] [01m[K/home/ubuntu/cyberbee/ros2_ws/src/VINS-mono/camera_model/src/chessboard/Chessboard.cc:1:10:[m[K [01;31m[Kfatal error: [m[Kcamodocal/chessboard/Chessboard.h: No such file or directory
[0.658s]     1 | #include [01;31m[K"camodocal/chessboard/Chessboard.h"[m[K
[0.658s]       |          [01;31m[K^~~~~~~~~~~~~~~~~~~~~~~~~~~~~~~~~~~[m[K
[0.658s] compilation terminated.
[0.659s] make[2]: *** [CMakeFiles/camera_model.dir/build.make:63: CMakeFiles/camera_model.dir/src/chessboard/Chessboard.cc.o] Error 1
[0.659s] make[1]: *** [CMakeFiles/Makefile2:247: CMakeFiles/camera_model.dir/all] Error 2
[0.659s] make[1]: *** Waiting for unfinished jobs....
[1.036s] [01m[K/home/ubuntu/cyberbee/ros2_ws/src/VINS-mono/camera_model/src/intrinsic_calib.cc:11:10:[m[K [01;31m[Kfatal error: [m[Kcamodocal/chessboard/Chessboard.h: No such file or directory
[1.036s]    11 | #include [01;31m[K"camodocal/chessboard/Chessboard.h"[m[K
[1.036s]       |          [01;31m[K^~~~~~~~~~~~~~~~~~~~~~~~~~~~~~~~~~~[m[K
[1.036s] compilation terminated.
[1.039s] make[2]: *** [CMakeFiles/Calibration.dir/build.make:63: CMakeFiles/Calibration.dir/src/intrinsic_calib.cc.o] Error 1
[1.040s] make[1]: *** [CMakeFiles/Makefile2:301: CMakeFiles/Calibration.dir/all] Error 2
[1.040s] make: *** [Makefile:141: all] Error 2
[1.041s] Invoked command in '/home/ubuntu/cyberbee/ros2_ws/src/VINS-mono/build/camera_model' returned '2': /usr/bin/cmake --build /home/ubuntu/cyberbee/ros2_ws/src/VINS-mono/build/camera_model -- -j16 -l16
